-------------------------------------------------------------------------------
Test set: testscenario.KogitoScenarioJunitActivatorTest
-------------------------------------------------------------------------------
Tests run: 5, Failures: 2, Errors: 0, Skipped: 0, Time elapsed: 2.255 s <<< FAILURE! - in testscenario.KogitoScenarioJunitActivatorTest
TrafficViolationTest.#2: Above speed limit: more than 30 km/h  Time elapsed: 0.237 s  <<< FAILURE!
org.drools.scenariosimulation.backend.runner.IndexedScenarioAssertionError: #2 Above speed limit: more than 30 km/h: Failed in "Fine.Amount": The expected value is "1000" but the actual one is "2000" (TrafficViolationTest)
	at org.drools.scenariosimulation.backend.runner.AbstractScenarioRunner.defineFailureException(AbstractScenarioRunner.java:137)
	at org.drools.scenariosimulation.backend.runner.AbstractScenarioRunner.singleRunScenario(AbstractScenarioRunner.java:125)
	at org.drools.scenariosimulation.backend.runner.AbstractScenarioRunner.run(AbstractScenarioRunner.java:101)
	at org.kogito.scenariosimulation.runner.KogitoJunitActivator.runChild(KogitoJunitActivator.java:32)
	at org.kogito.scenariosimulation.runner.KogitoJunitActivator.runChild(KogitoJunitActivator.java:23)
	at org.junit.runners.ParentRunner$4.run(ParentRunner.java:331)
	at org.junit.runners.ParentRunner$1.schedule(ParentRunner.java:79)
	at org.junit.runners.ParentRunner.runChildren(ParentRunner.java:329)
	at org.junit.runners.ParentRunner.access$100(ParentRunner.java:66)
	at org.junit.runners.ParentRunner$2.evaluate(ParentRunner.java:293)
	at org.junit.runners.ParentRunner$3.evaluate(ParentRunner.java:306)
	at org.junit.runners.ParentRunner.run(ParentRunner.java:413)
	at org.junit.runner.JUnitCore.run(JUnitCore.java:137)
	at org.junit.runner.JUnitCore.run(JUnitCore.java:115)
	at org.junit.vintage.engine.execution.RunnerExecutor.execute(RunnerExecutor.java:42)
	at org.junit.vintage.engine.VintageTestEngine.executeAllChildren(VintageTestEngine.java:80)
	at org.junit.vintage.engine.VintageTestEngine.execute(VintageTestEngine.java:72)
	at org.junit.platform.launcher.core.EngineExecutionOrchestrator.execute(EngineExecutionOrchestrator.java:147)
	at org.junit.platform.launcher.core.EngineExecutionOrchestrator.execute(EngineExecutionOrchestrator.java:127)
	at org.junit.platform.launcher.core.EngineExecutionOrchestrator.execute(EngineExecutionOrchestrator.java:90)
	at org.junit.platform.launcher.core.EngineExecutionOrchestrator.lambda$execute$0(EngineExecutionOrchestrator.java:55)
	at org.junit.platform.launcher.core.EngineExecutionOrchestrator.withInterceptedStreams(EngineExecutionOrchestrator.java:102)
	at org.junit.platform.launcher.core.EngineExecutionOrchestrator.execute(EngineExecutionOrchestrator.java:54)
	at org.junit.platform.launcher.core.DefaultLauncher.execute(DefaultLauncher.java:114)
	at org.junit.platform.launcher.core.DefaultLauncher.execute(DefaultLauncher.java:86)
	at org.junit.platform.launcher.core.DefaultLauncherSession$DelegatingLauncher.execute(DefaultLauncherSession.java:86)
	at org.junit.platform.launcher.core.SessionPerRequestLauncher.execute(SessionPerRequestLauncher.java:53)
	at org.apache.maven.surefire.junitplatform.JUnitPlatformProvider.execute(JUnitPlatformProvider.java:188)
	at org.apache.maven.surefire.junitplatform.JUnitPlatformProvider.invokeAllTests(JUnitPlatformProvider.java:154)
	at org.apache.maven.surefire.junitplatform.JUnitPlatformProvider.invoke(JUnitPlatformProvider.java:128)
	at org.apache.maven.surefire.booter.ForkedBooter.runSuitesInProcess(ForkedBooter.java:428)
	at org.apache.maven.surefire.booter.ForkedBooter.execute(ForkedBooter.java:162)
	at org.apache.maven.surefire.booter.ForkedBooter.run(ForkedBooter.java:562)
	at org.apache.maven.surefire.booter.ForkedBooter.main(ForkedBooter.java:548)
Caused by: org.drools.scenariosimulation.backend.runner.ScenarioException: Failed in "Fine.Amount": The expected value is "1000" but the actual one is "2000"
	at org.drools.scenariosimulation.backend.runner.AbstractRunnerHelper.throwScenarioException(AbstractRunnerHelper.java:284)
	at org.drools.scenariosimulation.backend.runner.AbstractRunnerHelper.validateAssertion(AbstractRunnerHelper.java:270)
	at org.drools.scenariosimulation.backend.runner.AbstractRunnerHelper.run(AbstractRunnerHelper.java:102)
	at org.drools.scenariosimulation.backend.runner.AbstractScenarioRunner.internalRunScenario(AbstractScenarioRunner.java:148)
	at org.drools.scenariosimulation.backend.runner.AbstractScenarioRunner.singleRunScenario(AbstractScenarioRunner.java:122)
	... 32 more

TrafficViolationTest.#5: Driver suspended  Time elapsed: 0.182 s  <<< FAILURE!
org.drools.scenariosimulation.backend.runner.IndexedScenarioAssertionError: #5 Driver suspended: Failed in "Fine.Amount": The expected value is "1000" but the actual one is "2000" (TrafficViolationTest)
	at org.drools.scenariosimulation.backend.runner.AbstractScenarioRunner.defineFailureException(AbstractScenarioRunner.java:137)
	at org.drools.scenariosimulation.backend.runner.AbstractScenarioRunner.singleRunScenario(AbstractScenarioRunner.java:125)
	at org.drools.scenariosimulation.backend.runner.AbstractScenarioRunner.run(AbstractScenarioRunner.java:101)
	at org.kogito.scenariosimulation.runner.KogitoJunitActivator.runChild(KogitoJunitActivator.java:32)
	at org.kogito.scenariosimulation.runner.KogitoJunitActivator.runChild(KogitoJunitActivator.java:23)
	at org.junit.runners.ParentRunner$4.run(ParentRunner.java:331)
	at org.junit.runners.ParentRunner$1.schedule(ParentRunner.java:79)
	at org.junit.runners.ParentRunner.runChildren(ParentRunner.java:329)
	at org.junit.runners.ParentRunner.access$100(ParentRunner.java:66)
	at org.junit.runners.ParentRunner$2.evaluate(ParentRunner.java:293)
	at org.junit.runners.ParentRunner$3.evaluate(ParentRunner.java:306)
	at org.junit.runners.ParentRunner.run(ParentRunner.java:413)
	at org.junit.runner.JUnitCore.run(JUnitCore.java:137)
	at org.junit.runner.JUnitCore.run(JUnitCore.java:115)
	at org.junit.vintage.engine.execution.RunnerExecutor.execute(RunnerExecutor.java:42)
	at org.junit.vintage.engine.VintageTestEngine.executeAllChildren(VintageTestEngine.java:80)
	at org.junit.vintage.engine.VintageTestEngine.execute(VintageTestEngine.java:72)
	at org.junit.platform.launcher.core.EngineExecutionOrchestrator.execute(EngineExecutionOrchestrator.java:147)
	at org.junit.platform.launcher.core.EngineExecutionOrchestrator.execute(EngineExecutionOrchestrator.java:127)
	at org.junit.platform.launcher.core.EngineExecutionOrchestrator.execute(EngineExecutionOrchestrator.java:90)
	at org.junit.platform.launcher.core.EngineExecutionOrchestrator.lambda$execute$0(EngineExecutionOrchestrator.java:55)
	at org.junit.platform.launcher.core.EngineExecutionOrchestrator.withInterceptedStreams(EngineExecutionOrchestrator.java:102)
	at org.junit.platform.launcher.core.EngineExecutionOrchestrator.execute(EngineExecutionOrchestrator.java:54)
	at org.junit.platform.launcher.core.DefaultLauncher.execute(DefaultLauncher.java:114)
	at org.junit.platform.launcher.core.DefaultLauncher.execute(DefaultLauncher.java:86)
	at org.junit.platform.launcher.core.DefaultLauncherSession$DelegatingLauncher.execute(DefaultLauncherSession.java:86)
	at org.junit.platform.launcher.core.SessionPerRequestLauncher.execute(SessionPerRequestLauncher.java:53)
	at org.apache.maven.surefire.junitplatform.JUnitPlatformProvider.execute(JUnitPlatformProvider.java:188)
	at org.apache.maven.surefire.junitplatform.JUnitPlatformProvider.invokeAllTests(JUnitPlatformProvider.java:154)
	at org.apache.maven.surefire.junitplatform.JUnitPlatformProvider.invoke(JUnitPlatformProvider.java:128)
	at org.apache.maven.surefire.booter.ForkedBooter.runSuitesInProcess(ForkedBooter.java:428)
	at org.apache.maven.surefire.booter.ForkedBooter.execute(ForkedBooter.java:162)
	at org.apache.maven.surefire.booter.ForkedBooter.run(ForkedBooter.java:562)
	at org.apache.maven.surefire.booter.ForkedBooter.main(ForkedBooter.java:548)
Caused by: org.drools.scenariosimulation.backend.runner.ScenarioException: Failed in "Fine.Amount": The expected value is "1000" but the actual one is "2000"
	at org.drools.scenariosimulation.backend.runner.AbstractRunnerHelper.throwScenarioException(AbstractRunnerHelper.java:284)
	at org.drools.scenariosimulation.backend.runner.AbstractRunnerHelper.validateAssertion(AbstractRunnerHelper.java:270)
	at org.drools.scenariosimulation.backend.runner.AbstractRunnerHelper.run(AbstractRunnerHelper.java:102)
	at org.drools.scenariosimulation.backend.runner.AbstractScenarioRunner.internalRunScenario(AbstractScenarioRunner.java:148)
	at org.drools.scenariosimulation.backend.runner.AbstractScenarioRunner.singleRunScenario(AbstractScenarioRunner.java:122)
	... 32 more

