<?xml version="1.0" encoding="UTF-8"?>
<testsuite xmlns:xsi="http://www.w3.org/2001/XMLSchema-instance" xsi:noNamespaceSchemaLocation="https://maven.apache.org/surefire/maven-surefire-plugin/xsd/surefire-test-report-3.0.xsd" version="3.0" name="org.kie.kogito.dmn.quarkus.example.TrafficViolationTest" time="17.287" tests="1" errors="0" skipped="0" failures="0">
  <properties>
[...]
</properties>
  <testcase name="testEvaluateTrafficViolation" classname="org.kie.kogito.dmn.quarkus.example.TrafficViolationTest" time="4.208">
    <system-out><![CDATA[2023-05-19 10:35:02,543 INFO  [org.kie.kog.cod.api.uti.AddonsConfigDiscovery] (build-7) Performed addonsConfig discovery, found: AddonsConfig{usePersistence=false, useTracing=false, useMonitoring=false, usePrometheusMonitoring=false, useCloudEvents=false, useExplainability=false, useProcessSVG=false, useEventDrivenDecisions=false, useEventDrivenRules=false}
2023-05-19 10:35:02,622 INFO  [org.kie.kog.cod.cor.uti.ApplicationGeneratorDiscovery] (build-72) Generator discovery performed, found [decisions]
2023-05-19 10:35:04,082 INFO  [org.kie.kog.cod.dec.DecisionValidation] (build-72) Initializing DMN DT Validator...
2023-05-19 10:35:04,082 INFO  [org.kie.kog.cod.dec.DecisionValidation] (build-72) DMN DT Validator initialized.
2023-05-19 10:35:04,083 INFO  [org.kie.kog.cod.dec.DecisionValidation] (build-72) Analysing decision tables in DMN Model 'Traffic Violation' ...
2023-05-19 10:35:04,115 INFO  [org.kie.kog.cod.dec.DecisionValidation] (build-72)  analysis for decision table 'Fine':
2023-05-19 10:35:04,119 WARN  [org.kie.kog.cod.dec.DecisionValidation] (build-72)   Columns: [Violation.Type] relate to FEEL string values which can be enumerated for the inputs; Gap analysis skipped.
2023-05-19 10:35:09,552 WARN  [io.qua.config] (main) Unrecognized configuration key "quarkus.kubernetes-client.api-server-url" was provided; it will be ignored; verify that the dependency extension for this configuration is set or that you did not make a typo
2023-05-19 10:35:11,502 INFO  [io.quarkus] (main) dmn-quarkus-example 1.37.0.Final on JVM (powered by Quarkus 2.16.5.Final) started in 11.472s. Listening on: http://localhost:46483
2023-05-19 10:35:11,503 INFO  [io.quarkus] (main) Profile test activated. 
2023-05-19 10:35:11,504 INFO  [io.quarkus] (main) Installed features: [cdi, kogito-decisions, kubernetes, resteasy, resteasy-jackson, smallrye-context-propagation, smallrye-health, smallrye-openapi, swagger-ui, vertx]
]]></system-out>
  </testcase>
</testsuite>